2026-03-20 20:14:50,377 [INFO] Resolution: 1920.0x1080.0, Screen: 1920x1080
2026-03-20 20:14:52,379 [INFO] SerialWriter Loop started
2026-03-20 20:14:57,383 [INFO] Classes changed: ['бутылка', 'телефон', 'наушники', 'карандаш'] in 4.44s
2026-03-20 20:14:58,127 [INFO] Coords: (658, 540)
2026-03-20 20:14:58,128 [INFO] Sending: 658:540

2026-03-20 20:14:58,723 [INFO] Coords: (490, 736)
2026-03-20 20:14:58,726 [INFO] Sending: 490:736

2026-03-20 20:14:58,853 [INFO] Coords: (334, 932)
2026-03-20 20:14:58,853 [INFO] Sending: 334:932

2026-03-20 20:14:58,922 [INFO] Coords: (353, 931)
2026-03-20 20:14:59,638 [INFO] Coords: (865, 705)
2026-03-20 20:14:59,640 [INFO] Sending: 865:705

2026-03-20 20:14:59,774 [INFO] Coords: (1394, 482)
2026-03-20 20:14:59,778 [INFO] Sending: 1394:482

2026-03-20 20:15:01,860 [INFO] Coords: (1181, 527)
2026-03-20 20:15:01,865 [INFO] Sending: 1181:527

2026-03-20 20:15:02,624 [INFO] Coords: (887, 567)
2026-03-20 20:15:02,628 [INFO] Sending: 887:567

2026-03-20 20:15:04,694 [INFO] Coords: (826, 564)
2026-03-20 20:15:04,697 [INFO] Sending: 826:564

2026-03-20 20:15:14,561 [INFO] Запись начата. Нажмите 'с' для остановки.
2026-03-20 20:15:14,561 [INFO] Запись активирована.
2026-03-20 20:15:15,996 [INFO] Запись остановлена.
2026-03-20 20:15:16,295 [INFO] Speech recognition time: 0.2981679439544678
2026-03-20 20:15:16,296 [INFO] Команда: PLACE — 'очки'
2026-03-20 20:15:19,790 [INFO] Classes changed: ['очки'] in 3.01s
2026-03-20 20:15:33,634 [INFO] Coords: (1329, 386)
2026-03-20 20:15:33,635 [INFO] Sending: 1329:386

2026-03-20 20:15:34,356 [INFO] Coords: (1812, 301)
2026-03-20 20:15:34,359 [INFO] Sending: 1812:301

2026-03-20 20:15:34,570 [INFO] Coords: (1759, 364)
2026-03-20 20:15:34,574 [INFO] Sending: 1759:364

2026-03-20 20:15:34,638 [INFO] Coords: (1753, 327)
2026-03-20 20:15:34,641 [INFO] Sending: 1753:327

2026-03-20 20:15:35,346 [INFO] Coords: (1124, 191)
2026-03-20 20:15:35,348 [INFO] Sending: 1124:191

2026-03-20 20:15:35,437 [INFO] Coords: (482, 224)
2026-03-20 20:15:35,440 [INFO] Sending: 482:224

2026-03-20 20:15:35,736 [INFO] Coords: (483, 573)
2026-03-20 20:15:35,737 [INFO] Sending: 483:573

2026-03-20 20:15:35,810 [INFO] Coords: (482, 774)
2026-03-20 20:15:35,814 [INFO] Sending: 482:774

2026-03-20 20:15:35,884 [INFO] Coords: (512, 788)
2026-03-20 20:15:35,886 [INFO] Sending: 512:788

2026-03-20 20:15:35,957 [INFO] Coords: (496, 640)
2026-03-20 20:15:35,958 [INFO] Sending: 496:640

2026-03-20 20:15:36,020 [INFO] Coords: (582, 642)
2026-03-20 20:15:36,025 [INFO] Sending: 582:642

2026-03-20 20:15:36,083 [INFO] Coords: (718, 792)
2026-03-20 20:15:36,086 [INFO] Sending: 718:792

2026-03-20 20:15:36,151 [INFO] Coords: (750, 791)
2026-03-20 20:15:36,153 [INFO] Sending: 750:791

2026-03-20 20:15:36,215 [INFO] Coords: (816, 783)
2026-03-20 20:15:36,215 [INFO] Sending: 816:783

2026-03-20 20:15:36,288 [INFO] Coords: (876, 725)
2026-03-20 20:15:36,293 [INFO] Sending: 876:725

2026-03-20 20:15:36,504 [INFO] Coords: (903, 489)
2026-03-20 20:15:36,509 [INFO] Sending: 903:489

2026-03-20 20:15:36,571 [INFO] Coords: (923, 328)
2026-03-20 20:15:36,576 [INFO] Sending: 923:328

2026-03-20 20:15:36,637 [INFO] Coords: (927, 352)
2026-03-20 20:15:36,703 [INFO] Coords: (924, 351)
2026-03-20 20:15:36,770 [INFO] Coords: (922, 349)
2026-03-20 20:15:36,847 [INFO] Coords: (924, 348)
2026-03-20 20:15:36,941 [INFO] Coords: (929, 346)
2026-03-20 20:15:37,044 [INFO] Coords: (932, 341)
2026-03-20 20:15:37,519 [INFO] Coords: (877, 226)
2026-03-20 20:15:37,521 [INFO] Sending: 877:226

2026-03-20 20:15:37,652 [INFO] Coords: (839, 103)
2026-03-20 20:15:37,654 [INFO] Sending: 839:103

2026-03-20 20:15:38,067 [INFO] Coords: (847, 329)
2026-03-20 20:15:38,071 [INFO] Sending: 847:329

2026-03-20 20:15:38,186 [INFO] Coords: (840, 600)
2026-03-20 20:15:38,188 [INFO] Sending: 840:600

2026-03-20 20:15:38,286 [INFO] Coords: (840, 675)
2026-03-20 20:15:38,291 [INFO] Sending: 840:675

2026-03-20 20:15:38,378 [INFO] Coords: (838, 733)
2026-03-20 20:15:38,383 [INFO] Sending: 838:733

2026-03-20 20:15:38,463 [INFO] Coords: (833, 748)
2026-03-20 20:15:38,530 [INFO] Coords: (831, 747)
2026-03-20 20:15:38,597 [INFO] Coords: (831, 746)
2026-03-20 20:15:38,663 [INFO] Coords: (832, 745)
2026-03-20 20:15:38,728 [INFO] Coords: (830, 745)
2026-03-20 20:15:38,801 [INFO] Coords: (826, 745)
2026-03-20 20:15:38,864 [INFO] Coords: (825, 744)
2026-03-20 20:15:38,927 [INFO] Coords: (824, 744)
2026-03-20 20:15:38,998 [INFO] Coords: (824, 746)
2026-03-20 20:15:39,065 [INFO] Coords: (825, 749)
2026-03-20 20:15:39,129 [INFO] Coords: (827, 750)
2026-03-20 20:15:39,195 [INFO] Coords: (832, 747)
2026-03-20 20:15:39,272 [INFO] Coords: (848, 741)
2026-03-20 20:15:39,345 [INFO] Coords: (860, 726)
2026-03-20 20:15:39,417 [INFO] Coords: (860, 699)
2026-03-20 20:15:39,418 [INFO] Sending: 860:699

2026-03-20 20:15:39,481 [INFO] Coords: (864, 666)
2026-03-20 20:15:39,484 [INFO] Sending: 864:666

2026-03-20 20:15:39,545 [INFO] Coords: (871, 630)
2026-03-20 20:15:39,545 [INFO] Sending: 871:630

2026-03-20 20:15:39,608 [INFO] Coords: (881, 593)
2026-03-20 20:15:39,613 [INFO] Sending: 881:593

2026-03-20 20:15:39,678 [INFO] Coords: (891, 555)
2026-03-20 20:15:39,680 [INFO] Sending: 891:555

2026-03-20 20:15:39,743 [INFO] Coords: (899, 516)
2026-03-20 20:15:39,746 [INFO] Sending: 899:516

2026-03-20 20:15:39,814 [INFO] Coords: (905, 481)
2026-03-20 20:15:39,818 [INFO] Sending: 905:481

2026-03-20 20:15:39,883 [INFO] Coords: (913, 448)
2026-03-20 20:15:39,885 [INFO] Sending: 913:448

2026-03-20 20:15:39,953 [INFO] Coords: (924, 419)
2026-03-20 20:15:39,957 [INFO] Sending: 924:419

2026-03-20 20:15:40,019 [INFO] Coords: (940, 390)
2026-03-20 20:15:40,024 [INFO] Sending: 940:390

2026-03-20 20:15:40,107 [INFO] Coords: (963, 355)
2026-03-20 20:15:40,107 [INFO] Sending: 963:355

2026-03-20 20:15:40,196 [INFO] Coords: (997, 311)
2026-03-20 20:15:40,200 [INFO] Sending: 997:311

2026-03-20 20:15:40,281 [INFO] Coords: (1062, 235)
2026-03-20 20:15:40,282 [INFO] Sending: 1062:235

2026-03-20 20:15:40,359 [INFO] Coords: (1163, 132)
2026-03-20 20:15:40,360 [INFO] Sending: 1163:132

2026-03-20 20:15:40,433 [INFO] Coords: (1245, 78)
2026-03-20 20:15:40,437 [INFO] Sending: 1245:78

2026-03-20 20:15:40,497 [INFO] Coords: (1281, 71)
2026-03-20 20:15:40,499 [INFO] Sending: 1281:71

2026-03-20 20:15:40,568 [INFO] Coords: (1285, 93)
2026-03-20 20:15:40,632 [INFO] Coords: (1267, 104)
2026-03-20 20:15:40,633 [INFO] Sending: 1267:104

2026-03-20 20:15:40,694 [INFO] Coords: (1234, 85)
2026-03-20 20:15:40,699 [INFO] Sending: 1234:85

2026-03-20 20:15:40,779 [INFO] Coords: (1187, 86)
2026-03-20 20:15:40,782 [INFO] Sending: 1187:86

2026-03-20 20:15:40,840 [INFO] Coords: (1135, 136)
2026-03-20 20:15:40,844 [INFO] Sending: 1135:136

2026-03-20 20:15:40,904 [INFO] Coords: (1085, 238)
2026-03-20 20:15:40,906 [INFO] Sending: 1085:238

2026-03-20 20:15:40,978 [INFO] Coords: (1056, 318)
2026-03-20 20:15:40,983 [INFO] Sending: 1056:318

2026-03-20 20:15:41,049 [INFO] Coords: (1045, 369)
2026-03-20 20:15:41,050 [INFO] Sending: 1045:369

2026-03-20 20:15:41,116 [INFO] Coords: (1046, 426)
2026-03-20 20:15:41,116 [INFO] Sending: 1046:426

2026-03-20 20:15:41,187 [INFO] Coords: (1064, 490)
2026-03-20 20:15:41,188 [INFO] Sending: 1064:490

2026-03-20 20:15:41,246 [INFO] Coords: (1090, 541)
2026-03-20 20:15:41,249 [INFO] Sending: 1090:541

2026-03-20 20:15:41,308 [INFO] Coords: (1125, 585)
2026-03-20 20:15:41,310 [INFO] Sending: 1125:585

2026-03-20 20:15:41,373 [INFO] Coords: (1191, 641)
2026-03-20 20:15:41,377 [INFO] Sending: 1191:641

2026-03-20 20:15:41,435 [INFO] Coords: (1261, 692)
2026-03-20 20:15:41,439 [INFO] Sending: 1261:692

2026-03-20 20:15:41,497 [INFO] Coords: (1308, 725)
2026-03-20 20:15:41,500 [INFO] Sending: 1308:725

2026-03-20 20:15:41,563 [INFO] Coords: (1339, 756)
2026-03-20 20:15:41,567 [INFO] Sending: 1339:756

2026-03-20 20:15:41,630 [INFO] Coords: (1355, 783)
2026-03-20 20:15:41,633 [INFO] Sending: 1355:783

2026-03-20 20:15:41,698 [INFO] Coords: (1355, 801)
2026-03-20 20:15:41,762 [INFO] Coords: (1342, 815)
2026-03-20 20:15:41,767 [INFO] Sending: 1342:815

2026-03-20 20:15:41,830 [INFO] Coords: (1324, 813)
2026-03-20 20:15:41,898 [INFO] Coords: (1286, 809)
2026-03-20 20:15:41,900 [INFO] Sending: 1286:809

2026-03-20 20:15:41,962 [INFO] Coords: (1240, 811)
2026-03-20 20:15:41,967 [INFO] Sending: 1240:811

2026-03-20 20:15:42,030 [INFO] Coords: (1206, 799)
2026-03-20 20:15:42,033 [INFO] Sending: 1206:799

2026-03-20 20:15:42,097 [INFO] Coords: (1177, 767)
2026-03-20 20:15:42,100 [INFO] Sending: 1177:767

2026-03-20 20:15:42,164 [INFO] Coords: (1139, 631)
2026-03-20 20:15:42,167 [INFO] Sending: 1139:631

2026-03-20 20:15:42,244 [INFO] Coords: (1103, 497)
2026-03-20 20:15:42,248 [INFO] Sending: 1103:497

2026-03-20 20:15:42,320 [INFO] Coords: (1076, 433)
2026-03-20 20:15:42,325 [INFO] Sending: 1076:433

2026-03-20 20:15:42,388 [INFO] Coords: (1047, 384)
2026-03-20 20:15:42,392 [INFO] Sending: 1047:384

2026-03-20 20:15:42,447 [INFO] Coords: (1026, 384)
2026-03-20 20:15:42,508 [INFO] Coords: (1024, 397)
2026-03-20 20:15:42,569 [INFO] Coords: (1037, 415)
2026-03-20 20:15:42,570 [INFO] Sending: 1037:415

2026-03-20 20:15:42,634 [INFO] Coords: (1057, 436)
2026-03-20 20:15:42,699 [INFO] Coords: (1088, 465)
2026-03-20 20:15:42,703 [INFO] Sending: 1088:465

2026-03-20 20:15:42,765 [INFO] Coords: (1137, 510)
2026-03-20 20:15:42,770 [INFO] Sending: 1137:510

2026-03-20 20:15:42,836 [INFO] Coords: (1198, 559)
2026-03-20 20:15:42,836 [INFO] Sending: 1198:559

2026-03-20 20:15:42,903 [INFO] Coords: (1241, 598)
2026-03-20 20:15:42,908 [INFO] Sending: 1241:598

2026-03-20 20:15:42,971 [INFO] Coords: (1250, 627)
2026-03-20 20:15:42,974 [INFO] Sending: 1250:627

2026-03-20 20:15:43,047 [INFO] Coords: (1241, 650)
2026-03-20 20:15:43,116 [INFO] Coords: (1207, 673)
2026-03-20 20:15:43,117 [INFO] Sending: 1207:673

2026-03-20 20:15:43,184 [INFO] Coords: (1126, 694)
2026-03-20 20:15:43,184 [INFO] Sending: 1126:694

2026-03-20 20:15:43,255 [INFO] Coords: (1048, 717)
2026-03-20 20:15:43,257 [INFO] Sending: 1048:717

2026-03-20 20:15:43,323 [INFO] Coords: (988, 741)
2026-03-20 20:15:43,324 [INFO] Sending: 988:741

2026-03-20 20:15:43,384 [INFO] Coords: (921, 759)
2026-03-20 20:15:43,386 [INFO] Sending: 921:759

2026-03-20 20:15:43,454 [INFO] Coords: (862, 761)
2026-03-20 20:15:43,458 [INFO] Sending: 862:761

2026-03-20 20:15:43,603 [INFO] Coords: (803, 660)
2026-03-20 20:15:43,607 [INFO] Sending: 803:660

2026-03-20 20:15:43,672 [INFO] Coords: (753, 563)
2026-03-20 20:15:43,674 [INFO] Sending: 753:563

2026-03-20 20:15:43,746 [INFO] Coords: (715, 541)
2026-03-20 20:15:43,747 [INFO] Sending: 715:541

2026-03-20 20:15:43,812 [INFO] Coords: (688, 526)
2026-03-20 20:15:43,814 [INFO] Sending: 688:526

2026-03-20 20:15:43,885 [INFO] Coords: (705, 536)
2026-03-20 20:15:43,954 [INFO] Coords: (752, 549)
2026-03-20 20:15:43,958 [INFO] Sending: 752:549

2026-03-20 20:15:44,024 [INFO] Coords: (806, 560)
2026-03-20 20:15:44,025 [INFO] Sending: 806:560

2026-03-20 20:15:44,095 [INFO] Coords: (886, 569)
2026-03-20 20:15:44,097 [INFO] Sending: 886:569

2026-03-20 20:15:44,171 [INFO] Coords: (989, 570)
2026-03-20 20:15:44,174 [INFO] Sending: 989:570

2026-03-20 20:15:44,245 [INFO] Coords: (1083, 573)
2026-03-20 20:15:44,245 [INFO] Sending: 1083:573

2026-03-20 20:15:44,321 [INFO] Coords: (1173, 575)
2026-03-20 20:15:44,323 [INFO] Sending: 1173:575

2026-03-20 20:15:44,397 [INFO] Coords: (1251, 574)
2026-03-20 20:15:44,401 [INFO] Sending: 1251:574

2026-03-20 20:15:44,464 [INFO] Coords: (1297, 576)
2026-03-20 20:15:44,468 [INFO] Sending: 1297:576

2026-03-20 20:15:44,530 [INFO] Coords: (1311, 580)
2026-03-20 20:15:44,603 [INFO] Coords: (1296, 586)
2026-03-20 20:15:44,687 [INFO] Coords: (1248, 590)
2026-03-20 20:15:44,688 [INFO] Sending: 1248:590

2026-03-20 20:15:44,765 [INFO] Coords: (1173, 594)
2026-03-20 20:15:44,770 [INFO] Sending: 1173:594

2026-03-20 20:15:44,839 [INFO] Coords: (1093, 597)
2026-03-20 20:15:44,842 [INFO] Sending: 1093:597

2026-03-20 20:15:44,907 [INFO] Coords: (1025, 600)
2026-03-20 20:15:44,908 [INFO] Sending: 1025:600

2026-03-20 20:15:44,989 [INFO] Coords: (942, 599)
2026-03-20 20:15:44,991 [INFO] Sending: 942:599

2026-03-20 20:15:45,064 [INFO] Coords: (867, 598)
2026-03-20 20:15:45,069 [INFO] Sending: 867:598

2026-03-20 20:15:45,141 [INFO] Coords: (837, 597)
2026-03-20 20:15:45,146 [INFO] Sending: 837:597

2026-03-20 20:15:45,213 [INFO] Coords: (825, 594)
2026-03-20 20:15:45,286 [INFO] Coords: (816, 592)
2026-03-20 20:15:45,355 [INFO] Coords: (807, 592)
2026-03-20 20:15:45,357 [INFO] Sending: 807:592

2026-03-20 20:15:45,424 [INFO] Coords: (803, 591)
2026-03-20 20:15:45,493 [INFO] Coords: (802, 590)
2026-03-20 20:15:45,563 [INFO] Coords: (803, 589)
2026-03-20 20:15:45,633 [INFO] Coords: (807, 589)
2026-03-20 20:15:45,704 [INFO] Coords: (811, 588)
2026-03-20 20:15:45,778 [INFO] Coords: (815, 587)
2026-03-20 20:15:45,852 [INFO] Coords: (814, 587)
2026-03-20 20:15:45,925 [INFO] Coords: (799, 587)
2026-03-20 20:15:45,992 [INFO] Coords: (769, 589)
2026-03-20 20:15:45,997 [INFO] Sending: 769:589

2026-03-20 20:15:46,060 [INFO] Coords: (723, 593)
2026-03-20 20:15:46,064 [INFO] Sending: 723:593

2026-03-20 20:15:46,133 [INFO] Coords: (668, 599)
2026-03-20 20:15:46,137 [INFO] Sending: 668:599

2026-03-20 20:15:46,210 [INFO] Coords: (626, 602)
2026-03-20 20:15:46,213 [INFO] Sending: 626:602

2026-03-20 20:15:46,292 [INFO] Coords: (600, 605)
2026-03-20 20:15:46,374 [INFO] Coords: (597, 613)
2026-03-20 20:15:46,378 [INFO] Sending: 597:613

2026-03-20 20:15:46,447 [INFO] Coords: (614, 621)
2026-03-20 20:15:46,528 [INFO] Coords: (648, 627)
2026-03-20 20:15:46,533 [INFO] Sending: 648:627

2026-03-20 20:15:46,606 [INFO] Coords: (690, 635)
2026-03-20 20:15:46,610 [INFO] Sending: 690:635

2026-03-20 20:15:46,707 [INFO] Coords: (758, 636)
2026-03-20 20:15:46,713 [INFO] Sending: 758:636

2026-03-20 20:15:46,789 [INFO] Coords: (845, 641)
2026-03-20 20:15:46,795 [INFO] Sending: 845:641

2026-03-20 20:15:46,876 [INFO] Coords: (945, 650)
2026-03-20 20:15:46,876 [INFO] Sending: 945:650

2026-03-20 20:15:46,958 [INFO] Coords: (1067, 651)
2026-03-20 20:15:46,963 [INFO] Sending: 1067:651

2026-03-20 20:15:47,024 [INFO] Coords: (1131, 648)
2026-03-20 20:15:47,025 [INFO] Sending: 1131:648

2026-03-20 20:15:47,097 [INFO] Coords: (1164, 644)
2026-03-20 20:15:47,101 [INFO] Sending: 1164:644

2026-03-20 20:15:47,169 [INFO] Coords: (1198, 641)
2026-03-20 20:15:47,173 [INFO] Sending: 1198:641

2026-03-20 20:15:47,241 [INFO] Coords: (1208, 639)
2026-03-20 20:15:47,312 [INFO] Coords: (1191, 639)
2026-03-20 20:15:47,387 [INFO] Coords: (1127, 640)
2026-03-20 20:15:47,388 [INFO] Sending: 1127:640

2026-03-20 20:15:47,464 [INFO] Coords: (1047, 641)
2026-03-20 20:15:47,465 [INFO] Sending: 1047:641

2026-03-20 20:15:47,532 [INFO] Coords: (1002, 641)
2026-03-20 20:15:47,537 [INFO] Sending: 1002:641

2026-03-20 20:15:47,602 [INFO] Coords: (970, 640)
2026-03-20 20:15:47,603 [INFO] Sending: 970:640

2026-03-20 20:15:47,667 [INFO] Coords: (945, 639)
2026-03-20 20:15:47,737 [INFO] Coords: (934, 639)
2026-03-20 20:15:47,742 [INFO] Sending: 934:639

2026-03-20 20:15:47,801 [INFO] Coords: (930, 638)
2026-03-20 20:15:47,865 [INFO] Coords: (931, 636)
2026-03-20 20:15:47,929 [INFO] Coords: (932, 634)
2026-03-20 20:15:47,995 [INFO] Coords: (933, 634)
2026-03-20 20:15:48,061 [INFO] Coords: (933, 634)
2026-03-20 20:15:48,126 [INFO] Coords: (937, 635)
2026-03-20 20:15:48,193 [INFO] Coords: (946, 637)
2026-03-20 20:15:48,261 [INFO] Coords: (964, 637)
2026-03-20 20:15:48,263 [INFO] Sending: 964:637

2026-03-20 20:15:48,331 [INFO] Coords: (999, 635)
2026-03-20 20:15:48,335 [INFO] Sending: 999:635

2026-03-20 20:15:48,407 [INFO] Coords: (1062, 628)
2026-03-20 20:15:48,412 [INFO] Sending: 1062:628

2026-03-20 20:15:48,478 [INFO] Coords: (1135, 621)
2026-03-20 20:15:48,479 [INFO] Sending: 1135:621

2026-03-20 20:15:48,551 [INFO] Coords: (1197, 622)
2026-03-20 20:15:48,552 [INFO] Sending: 1197:622

2026-03-20 20:15:48,619 [INFO] Coords: (1251, 627)
2026-03-20 20:15:48,624 [INFO] Sending: 1251:627

2026-03-20 20:15:48,696 [INFO] Coords: (1271, 637)
2026-03-20 20:15:48,768 [INFO] Coords: (1252, 649)
2026-03-20 20:15:48,844 [INFO] Coords: (1214, 658)
2026-03-20 20:15:48,845 [INFO] Sending: 1214:658

2026-03-20 20:15:48,921 [INFO] Coords: (1147, 669)
2026-03-20 20:15:48,922 [INFO] Sending: 1147:669

2026-03-20 20:15:48,988 [INFO] Coords: (1108, 679)
2026-03-20 20:15:48,989 [INFO] Sending: 1108:679

2026-03-20 20:15:49,067 [INFO] Coords: (1088, 685)
2026-03-20 20:15:49,138 [INFO] Coords: (1044, 685)
2026-03-20 20:15:49,143 [INFO] Sending: 1044:685

2026-03-20 20:15:49,212 [INFO] Coords: (1008, 679)
2026-03-20 20:15:49,216 [INFO] Sending: 1008:679

2026-03-20 20:15:49,279 [INFO] Coords: (989, 671)
2026-03-20 20:15:49,344 [INFO] Coords: (985, 656)
2026-03-20 20:15:49,345 [INFO] Sending: 985:656

2026-03-20 20:15:49,409 [INFO] Coords: (983, 630)
2026-03-20 20:15:49,474 [INFO] Coords: (982, 613)
2026-03-20 20:15:49,478 [INFO] Sending: 982:613

2026-03-20 20:15:49,540 [INFO] Coords: (983, 609)
2026-03-20 20:15:49,606 [INFO] Coords: (983, 606)
2026-03-20 20:15:49,672 [INFO] Coords: (983, 601)
2026-03-20 20:15:49,737 [INFO] Coords: (982, 597)
2026-03-20 20:15:49,803 [INFO] Coords: (980, 594)
2026-03-20 20:15:49,869 [INFO] Coords: (976, 592)
2026-03-20 20:15:49,935 [INFO] Coords: (970, 591)
2026-03-20 20:15:50,001 [INFO] Coords: (962, 589)
2026-03-20 20:15:50,005 [INFO] Sending: 962:589

2026-03-20 20:15:50,068 [INFO] Coords: (953, 586)
2026-03-20 20:15:50,134 [INFO] Coords: (942, 580)
2026-03-20 20:15:50,201 [INFO] Coords: (926, 571)
2026-03-20 20:15:50,205 [INFO] Sending: 926:571

2026-03-20 20:15:50,267 [INFO] Coords: (906, 561)
2026-03-20 20:15:50,333 [INFO] Coords: (881, 550)
2026-03-20 20:15:50,333 [INFO] Sending: 881:550

2026-03-20 20:15:50,401 [INFO] Coords: (850, 540)
2026-03-20 20:15:50,405 [INFO] Sending: 850:540

2026-03-20 20:15:50,469 [INFO] Coords: (811, 532)
2026-03-20 20:15:50,472 [INFO] Sending: 811:532

2026-03-20 20:15:50,537 [INFO] Coords: (764, 524)
2026-03-20 20:15:50,538 [INFO] Sending: 764:524

2026-03-20 20:15:50,604 [INFO] Coords: (708, 515)
2026-03-20 20:15:50,605 [INFO] Sending: 708:515

2026-03-20 20:15:50,708 [INFO] Coords: (627, 501)
2026-03-20 20:15:50,712 [INFO] Sending: 627:501

2026-03-20 20:15:50,800 [INFO] Coords: (562, 493)
2026-03-20 20:15:50,805 [INFO] Sending: 562:493

2026-03-20 20:15:50,904 [INFO] Coords: (545, 499)
2026-03-20 20:15:51,004 [INFO] Coords: (570, 515)
2026-03-20 20:15:51,125 [INFO] Coords: (650, 528)
2026-03-20 20:15:51,126 [INFO] Sending: 650:528

2026-03-20 20:15:51,199 [INFO] Coords: (754, 540)
2026-03-20 20:15:51,203 [INFO] Sending: 754:540

2026-03-20 20:15:51,305 [INFO] Coords: (821, 554)
2026-03-20 20:15:51,306 [INFO] Sending: 821:554

2026-03-20 20:15:51,371 [INFO] Coords: (880, 560)
2026-03-20 20:15:51,373 [INFO] Sending: 880:560

2026-03-20 20:15:51,449 [INFO] Coords: (958, 558)
2026-03-20 20:15:51,450 [INFO] Sending: 958:558

2026-03-20 20:15:51,518 [INFO] Coords: (1017, 557)
2026-03-20 20:15:51,521 [INFO] Sending: 1017:557

2026-03-20 20:15:51,582 [INFO] Coords: (1058, 558)
2026-03-20 20:15:51,582 [INFO] Sending: 1058:558

2026-03-20 20:15:51,651 [INFO] Coords: (1089, 557)
2026-03-20 20:15:51,655 [INFO] Sending: 1089:557

2026-03-20 20:15:51,719 [INFO] Coords: (1116, 556)
2026-03-20 20:15:51,783 [INFO] Coords: (1134, 556)
2026-03-20 20:15:51,788 [INFO] Sending: 1134:556

2026-03-20 20:15:51,845 [INFO] Coords: (1141, 555)
2026-03-20 20:15:51,913 [INFO] Coords: (1143, 553)
2026-03-20 20:15:51,980 [INFO] Coords: (1145, 553)
2026-03-20 20:15:52,048 [INFO] Coords: (1143, 553)
2026-03-20 20:15:52,116 [INFO] Coords: (1143, 551)
2026-03-20 20:15:52,184 [INFO] Coords: (1145, 548)
2026-03-20 20:15:52,252 [INFO] Coords: (1148, 545)
2026-03-20 20:15:52,319 [INFO] Coords: (1152, 543)
2026-03-20 20:15:52,386 [INFO] Coords: (1157, 541)
2026-03-20 20:15:52,454 [INFO] Coords: (1161, 539)
2026-03-20 20:15:52,458 [INFO] Sending: 1161:539

2026-03-20 20:15:52,521 [INFO] Coords: (1167, 536)
2026-03-20 20:15:52,591 [INFO] Coords: (1173, 532)
2026-03-20 20:15:52,657 [INFO] Coords: (1165, 530)
2026-03-20 20:15:52,724 [INFO] Coords: (1143, 529)
2026-03-20 20:15:52,787 [INFO] Coords: (1130, 530)
2026-03-20 20:15:52,789 [INFO] Sending: 1130:530

2026-03-20 20:15:52,850 [INFO] Coords: (1135, 528)
2026-03-20 20:15:52,923 [INFO] Coords: (1157, 522)
2026-03-20 20:15:52,999 [INFO] Coords: (1164, 513)
2026-03-20 20:15:52,999 [INFO] Sending: 1164:513

2026-03-20 20:15:53,063 [INFO] Coords: (1174, 502)
2026-03-20 20:15:53,149 [INFO] Coords: (1221, 491)
2026-03-20 20:15:53,153 [INFO] Sending: 1221:491

2026-03-20 20:15:53,221 [INFO] Coords: (1245, 486)
2026-03-20 20:15:53,293 [INFO] Coords: (1257, 485)
2026-03-20 20:15:53,297 [INFO] Sending: 1257:485

2026-03-20 20:15:53,366 [INFO] Coords: (1275, 488)
2026-03-20 20:15:53,437 [INFO] Coords: (1269, 496)
2026-03-20 20:15:53,498 [INFO] Coords: (1251, 514)
2026-03-20 20:15:53,560 [INFO] Coords: (1218, 533)
2026-03-20 20:15:53,565 [INFO] Sending: 1218:533

2026-03-20 20:15:53,630 [INFO] Coords: (1182, 543)
2026-03-20 20:15:53,631 [INFO] Sending: 1182:543

2026-03-20 20:15:53,703 [INFO] Coords: (1165, 551)
2026-03-20 20:15:53,773 [INFO] Coords: (1141, 557)
2026-03-20 20:15:53,775 [INFO] Sending: 1141:557

2026-03-20 20:15:53,836 [INFO] Coords: (1102, 561)
2026-03-20 20:15:53,841 [INFO] Sending: 1102:561

2026-03-20 20:15:53,898 [INFO] Coords: (1074, 566)
2026-03-20 20:15:53,964 [INFO] Coords: (1044, 568)
2026-03-20 20:15:53,969 [INFO] Sending: 1044:568

2026-03-20 20:15:54,032 [INFO] Coords: (1014, 567)
2026-03-20 20:15:54,037 [INFO] Sending: 1014:567

2026-03-20 20:15:54,103 [INFO] Coords: (995, 567)
2026-03-20 20:15:54,173 [INFO] Coords: (985, 566)
2026-03-20 20:15:54,240 [INFO] Coords: (984, 565)
2026-03-20 20:15:54,241 [INFO] Sending: 984:565

2026-03-20 20:15:54,306 [INFO] Coords: (984, 563)
2026-03-20 20:15:54,373 [INFO] Coords: (985, 561)
2026-03-20 20:15:54,441 [INFO] Coords: (985, 559)
2026-03-20 20:15:54,508 [INFO] Coords: (983, 556)
2026-03-20 20:15:54,573 [INFO] Coords: (980, 553)
2026-03-20 20:15:54,640 [INFO] Coords: (976, 550)
2026-03-20 20:15:54,707 [INFO] Coords: (969, 546)
2026-03-20 20:15:54,773 [INFO] Coords: (961, 543)
2026-03-20 20:15:54,774 [INFO] Sending: 961:543

2026-03-20 20:15:54,840 [INFO] Coords: (953, 539)
2026-03-20 20:15:54,908 [INFO] Coords: (943, 534)
2026-03-20 20:15:54,974 [INFO] Coords: (931, 530)
2026-03-20 20:15:54,979 [INFO] Sending: 931:530

2026-03-20 20:15:55,041 [INFO] Coords: (913, 529)
2026-03-20 20:15:55,107 [INFO] Coords: (888, 534)
2026-03-20 20:15:55,112 [INFO] Sending: 888:534

2026-03-20 20:15:55,174 [INFO] Coords: (859, 540)
2026-03-20 20:15:55,242 [INFO] Coords: (829, 531)
2026-03-20 20:15:55,246 [INFO] Sending: 829:531

2026-03-20 20:15:55,374 [INFO] Coords: (796, 448)
2026-03-20 20:15:55,379 [INFO] Sending: 796:448

2026-03-20 20:15:55,472 [INFO] Coords: (759, 359)
2026-03-20 20:15:55,472 [INFO] Sending: 759:359

2026-03-20 20:15:55,679 [INFO] Coords: (710, 413)
2026-03-20 20:15:55,683 [INFO] Sending: 710:413

2026-03-20 20:15:55,782 [INFO] Coords: (692, 490)
2026-03-20 20:15:55,786 [INFO] Sending: 692:490

2026-03-20 20:15:55,882 [INFO] Coords: (724, 492)
2026-03-20 20:15:55,884 [INFO] Sending: 724:492

2026-03-20 20:15:55,982 [INFO] Coords: (774, 485)
2026-03-20 20:15:55,986 [INFO] Sending: 774:485

2026-03-20 20:15:56,133 [INFO] Coords: (868, 480)
2026-03-20 20:15:56,135 [INFO] Sending: 868:480

2026-03-20 20:15:56,237 [INFO] Coords: (1001, 482)
2026-03-20 20:15:56,237 [INFO] Sending: 1001:482

2026-03-20 20:15:56,325 [INFO] Coords: (1079, 485)
2026-03-20 20:15:56,330 [INFO] Sending: 1079:485

2026-03-20 20:15:56,435 [INFO] Coords: (1089, 485)
2026-03-20 20:15:56,509 [INFO] Coords: (1090, 484)
2026-03-20 20:15:56,583 [INFO] Coords: (1091, 484)
2026-03-20 20:15:56,657 [INFO] Coords: (1093, 484)
2026-03-20 20:15:56,732 [INFO] Coords: (1096, 484)
2026-03-20 20:15:56,808 [INFO] Coords: (1100, 485)
2026-03-20 20:15:56,885 [INFO] Coords: (1103, 485)
2026-03-20 20:15:56,952 [INFO] Coords: (1106, 484)
2026-03-20 20:15:57,022 [INFO] Coords: (1110, 483)
2026-03-20 20:15:57,023 [INFO] Sending: 1110:483

2026-03-20 20:15:57,091 [INFO] Coords: (1114, 482)
2026-03-20 20:15:57,160 [INFO] Coords: (1119, 480)
2026-03-20 20:15:57,229 [INFO] Coords: (1122, 479)
2026-03-20 20:15:57,297 [INFO] Coords: (1121, 480)
2026-03-20 20:15:57,366 [INFO] Coords: (1115, 483)
2026-03-20 20:15:57,437 [INFO] Coords: (1103, 486)
2026-03-20 20:15:57,508 [INFO] Coords: (1082, 490)
2026-03-20 20:15:57,584 [INFO] Coords: (1049, 495)
2026-03-20 20:15:57,588 [INFO] Sending: 1049:495

2026-03-20 20:15:57,659 [INFO] Coords: (1008, 499)
2026-03-20 20:15:57,659 [INFO] Sending: 1008:499

2026-03-20 20:15:57,730 [INFO] Coords: (959, 490)
2026-03-20 20:15:57,732 [INFO] Sending: 959:490

2026-03-20 20:15:57,798 [INFO] Coords: (910, 453)
2026-03-20 20:15:57,798 [INFO] Sending: 910:453

2026-03-20 20:15:57,868 [INFO] Coords: (881, 421)
2026-03-20 20:15:57,870 [INFO] Sending: 881:421

2026-03-20 20:15:58,007 [INFO] Coords: (839, 449)
2026-03-20 20:15:58,009 [INFO] Sending: 839:449

2026-03-20 20:15:58,080 [INFO] Coords: (778, 501)
2026-03-20 20:15:58,081 [INFO] Sending: 778:501

2026-03-20 20:15:58,154 [INFO] Coords: (726, 526)
2026-03-20 20:15:58,158 [INFO] Sending: 726:526

2026-03-20 20:15:58,229 [INFO] Coords: (684, 525)
2026-03-20 20:15:58,230 [INFO] Sending: 684:525

2026-03-20 20:15:58,305 [INFO] Coords: (668, 513)
2026-03-20 20:15:58,370 [INFO] Coords: (666, 500)
2026-03-20 20:15:58,373 [INFO] Sending: 666:500

2026-03-20 20:15:58,444 [INFO] Coords: (686, 496)
2026-03-20 20:15:58,516 [INFO] Coords: (734, 502)
2026-03-20 20:15:58,521 [INFO] Sending: 734:502

2026-03-20 20:15:58,599 [INFO] Coords: (813, 505)
2026-03-20 20:15:58,604 [INFO] Sending: 813:505

2026-03-20 20:15:58,678 [INFO] Coords: (903, 506)
2026-03-20 20:15:58,682 [INFO] Sending: 903:506

2026-03-20 20:15:58,742 [INFO] Coords: (988, 507)
2026-03-20 20:15:58,743 [INFO] Sending: 988:507

2026-03-20 20:15:58,804 [INFO] Coords: (1052, 507)
2026-03-20 20:15:58,809 [INFO] Sending: 1052:507

2026-03-20 20:15:58,865 [INFO] Coords: (1081, 507)
2026-03-20 20:15:58,926 [INFO] Coords: (1108, 507)
2026-03-20 20:15:58,926 [INFO] Sending: 1108:507

2026-03-20 20:15:59,000 [INFO] Coords: (1129, 507)
2026-03-20 20:15:59,061 [INFO] Coords: (1140, 506)
2026-03-20 20:15:59,065 [INFO] Sending: 1140:506

2026-03-20 20:15:59,131 [INFO] Coords: (1142, 504)
2026-03-20 20:15:59,198 [INFO] Coords: (1140, 504)
2026-03-20 20:15:59,267 [INFO] Coords: (1122, 505)
2026-03-20 20:15:59,326 [INFO] Coords: (1101, 505)
2026-03-20 20:15:59,329 [INFO] Sending: 1101:505

2026-03-20 20:15:59,395 [INFO] Coords: (1096, 505)
2026-03-20 20:15:59,469 [INFO] Coords: (1091, 508)
2026-03-20 20:15:59,531 [INFO] Coords: (1080, 517)
2026-03-20 20:15:59,593 [INFO] Coords: (1072, 537)
2026-03-20 20:15:59,595 [INFO] Sending: 1072:537

2026-03-20 20:16:00,143 [INFO] Coords: (1094, 780)
2026-03-20 20:16:00,147 [INFO] Sending: 1094:780

2026-03-20 20:16:00,213 [INFO] Coords: (1120, 1016)
2026-03-20 20:16:00,214 [INFO] Sending: 1120:1016

2026-03-20 20:16:00,280 [INFO] Coords: (1127, 1024)
2026-03-20 20:16:00,512 [INFO] Coords: (1129, 878)
2026-03-20 20:16:00,514 [INFO] Sending: 1129:878

2026-03-20 20:16:00,898 [INFO] Coords: (1103, 513)
2026-03-20 20:16:00,900 [INFO] Sending: 1103:513

2026-03-20 20:16:00,971 [INFO] Coords: (1066, 294)
2026-03-20 20:16:00,972 [INFO] Sending: 1066:294

2026-03-20 20:16:01,043 [INFO] Coords: (1046, 291)
2026-03-20 20:16:01,117 [INFO] Coords: (1030, 286)
2026-03-20 20:16:01,121 [INFO] Sending: 1030:286

2026-03-20 20:16:01,183 [INFO] Coords: (1019, 281)
2026-03-20 20:16:01,258 [INFO] Coords: (1018, 281)
2026-03-20 20:16:01,356 [INFO] Coords: (1017, 324)
2026-03-20 20:16:01,357 [INFO] Sending: 1017:324

2026-03-20 20:16:01,456 [INFO] Coords: (1016, 366)
2026-03-20 20:16:01,460 [INFO] Sending: 1016:366

2026-03-20 20:16:01,554 [INFO] Coords: (1014, 414)
2026-03-20 20:16:01,558 [INFO] Sending: 1014:414

2026-03-20 20:16:01,665 [INFO] Coords: (1012, 503)
2026-03-20 20:16:01,666 [INFO] Sending: 1012:503

2026-03-20 20:16:01,757 [INFO] Coords: (1015, 518)
2026-03-20 20:16:02,260 [INFO] Coords: (1043, 277)
2026-03-20 20:16:02,263 [INFO] Sending: 1043:277

2026-03-20 20:16:02,362 [INFO] Coords: (1068, 44)
2026-03-20 20:16:02,365 [INFO] Sending: 1068:44

2026-03-20 20:16:02,570 [INFO] Coords: (1079, 145)
2026-03-20 20:16:02,571 [INFO] Sending: 1079:145

2026-03-20 20:16:02,664 [INFO] Coords: (1094, 335)
2026-03-20 20:16:02,668 [INFO] Sending: 1094:335

2026-03-20 20:16:02,739 [INFO] Coords: (1100, 481)
2026-03-20 20:16:02,740 [INFO] Sending: 1100:481

2026-03-20 20:16:02,899 [INFO] Coords: (1100, 659)
2026-03-20 20:16:02,899 [INFO] Sending: 1100:659

2026-03-20 20:16:02,965 [INFO] Coords: (1091, 773)
2026-03-20 20:16:02,966 [INFO] Sending: 1091:773

2026-03-20 20:16:03,037 [INFO] Coords: (1066, 783)
2026-03-20 20:16:03,108 [INFO] Coords: (1036, 782)
2026-03-20 20:16:03,109 [INFO] Sending: 1036:782

2026-03-20 20:16:03,186 [INFO] Coords: (1023, 782)
2026-03-20 20:16:03,254 [INFO] Coords: (1021, 784)
2026-03-20 20:16:03,331 [INFO] Coords: (1017, 744)
2026-03-20 20:16:03,333 [INFO] Sending: 1017:744

2026-03-20 20:16:03,399 [INFO] Coords: (1014, 702)
2026-03-20 20:16:03,401 [INFO] Sending: 1014:702

2026-03-20 20:16:03,474 [INFO] Coords: (1015, 695)
2026-03-20 20:16:03,634 [INFO] Coords: (1016, 583)
2026-03-20 20:16:03,637 [INFO] Sending: 1016:583

2026-03-20 20:16:03,702 [INFO] Coords: (1016, 471)
2026-03-20 20:16:03,704 [INFO] Sending: 1016:471

2026-03-20 20:16:03,768 [INFO] Coords: (1019, 463)
2026-03-20 20:16:03,836 [INFO] Coords: (1023, 460)
2026-03-20 20:16:03,904 [INFO] Coords: (1027, 458)
2026-03-20 20:16:03,971 [INFO] Coords: (1030, 456)
2026-03-20 20:16:04,039 [INFO] Coords: (1033, 454)
2026-03-20 20:16:04,108 [INFO] Coords: (1035, 451)
2026-03-20 20:16:04,176 [INFO] Coords: (1039, 449)
2026-03-20 20:16:04,177 [INFO] Sending: 1039:449

2026-03-20 20:16:04,245 [INFO] Coords: (1044, 448)
2026-03-20 20:16:04,315 [INFO] Coords: (1051, 447)
2026-03-20 20:16:04,388 [INFO] Coords: (1066, 448)
2026-03-20 20:16:04,463 [INFO] Coords: (1093, 453)
2026-03-20 20:16:04,464 [INFO] Sending: 1093:453

2026-03-20 20:16:04,538 [INFO] Coords: (1130, 460)
2026-03-20 20:16:04,540 [INFO] Sending: 1130:460

2026-03-20 20:16:04,616 [INFO] Coords: (1182, 469)
2026-03-20 20:16:04,617 [INFO] Sending: 1182:469

2026-03-20 20:16:04,685 [INFO] Coords: (1242, 475)
2026-03-20 20:16:04,689 [INFO] Sending: 1242:475

2026-03-20 20:16:04,753 [INFO] Coords: (1270, 472)
2026-03-20 20:16:04,827 [INFO] Coords: (1256, 463)
2026-03-20 20:16:04,900 [INFO] Coords: (1215, 455)
2026-03-20 20:16:04,904 [INFO] Sending: 1215:455

2026-03-20 20:16:04,976 [INFO] Coords: (1144, 447)
2026-03-20 20:16:04,981 [INFO] Sending: 1144:447

2026-03-20 20:16:05,048 [INFO] Coords: (1086, 440)
2026-03-20 20:16:05,052 [INFO] Sending: 1086:440

2026-03-20 20:16:05,116 [INFO] Coords: (1045, 430)
2026-03-20 20:16:05,120 [INFO] Sending: 1045:430

2026-03-20 20:16:05,177 [INFO] Coords: (984, 416)
2026-03-20 20:16:05,177 [INFO] Sending: 984:416

2026-03-20 20:16:05,242 [INFO] Coords: (933, 404)
2026-03-20 20:16:05,244 [INFO] Sending: 933:404

2026-03-20 20:16:05,306 [INFO] Coords: (896, 389)
2026-03-20 20:16:05,306 [INFO] Sending: 896:389

2026-03-20 20:16:05,370 [INFO] Coords: (855, 369)
2026-03-20 20:16:05,373 [INFO] Sending: 855:369

2026-03-20 20:16:05,440 [INFO] Coords: (817, 347)
2026-03-20 20:16:05,445 [INFO] Sending: 817:347

2026-03-20 20:16:05,510 [INFO] Coords: (788, 324)
2026-03-20 20:16:05,511 [INFO] Sending: 788:324

2026-03-20 20:16:05,582 [INFO] Coords: (768, 316)
2026-03-20 20:16:05,652 [INFO] Coords: (755, 345)
2026-03-20 20:16:05,656 [INFO] Sending: 755:345

2026-03-20 20:16:05,802 [INFO] Coords: (755, 404)
2026-03-20 20:16:05,806 [INFO] Sending: 755:404

2026-03-20 20:16:05,870 [INFO] Coords: (776, 475)
2026-03-20 20:16:05,873 [INFO] Sending: 776:475

2026-03-20 20:16:05,942 [INFO] Coords: (824, 518)
2026-03-20 20:16:05,944 [INFO] Sending: 824:518

2026-03-20 20:16:06,015 [INFO] Coords: (909, 511)
2026-03-20 20:16:06,016 [INFO] Sending: 909:511

2026-03-20 20:16:06,079 [INFO] Coords: (980, 494)
2026-03-20 20:16:06,082 [INFO] Sending: 980:494

2026-03-20 20:16:06,147 [INFO] Coords: (1031, 473)
2026-03-20 20:16:06,148 [INFO] Sending: 1031:473

2026-03-20 20:16:06,215 [INFO] Coords: (1096, 440)
2026-03-20 20:16:06,220 [INFO] Sending: 1096:440

2026-03-20 20:16:06,281 [INFO] Coords: (1157, 401)
2026-03-20 20:16:06,286 [INFO] Sending: 1157:401

2026-03-20 20:16:06,346 [INFO] Coords: (1206, 363)
2026-03-20 20:16:06,348 [INFO] Sending: 1206:363

2026-03-20 20:16:06,411 [INFO] Coords: (1233, 331)
2026-03-20 20:16:06,414 [INFO] Sending: 1233:331

2026-03-20 20:16:06,478 [INFO] Coords: (1244, 314)
2026-03-20 20:16:06,544 [INFO] Coords: (1249, 323)
2026-03-20 20:16:06,614 [INFO] Coords: (1248, 360)
2026-03-20 20:16:06,619 [INFO] Sending: 1248:360

2026-03-20 20:16:06,693 [INFO] Coords: (1224, 393)
2026-03-20 20:16:06,697 [INFO] Sending: 1224:393

2026-03-20 20:16:06,756 [INFO] Coords: (1162, 404)
2026-03-20 20:16:06,759 [INFO] Sending: 1162:404

2026-03-20 20:16:06,827 [INFO] Coords: (1099, 416)
2026-03-20 20:16:06,832 [INFO] Sending: 1099:416

2026-03-20 20:16:06,902 [INFO] Coords: (1043, 430)
2026-03-20 20:16:06,906 [INFO] Sending: 1043:430

2026-03-20 20:16:06,967 [INFO] Coords: (965, 435)
2026-03-20 20:16:06,968 [INFO] Sending: 965:435

2026-03-20 20:16:07,048 [INFO] Coords: (837, 420)
2026-03-20 20:16:07,050 [INFO] Sending: 837:420

2026-03-20 20:16:07,111 [INFO] Coords: (724, 404)
2026-03-20 20:16:07,112 [INFO] Sending: 724:404

2026-03-20 20:16:07,172 [INFO] Coords: (667, 383)
2026-03-20 20:16:07,174 [INFO] Sending: 667:383

2026-03-20 20:16:07,234 [INFO] Coords: (614, 350)
2026-03-20 20:16:07,236 [INFO] Sending: 614:350

2026-03-20 20:16:07,294 [INFO] Coords: (568, 319)
2026-03-20 20:16:07,298 [INFO] Sending: 568:319

2026-03-20 20:16:07,366 [INFO] Coords: (536, 302)
2026-03-20 20:16:07,371 [INFO] Sending: 536:302

2026-03-20 20:16:07,429 [INFO] Coords: (514, 311)
2026-03-20 20:16:07,497 [INFO] Coords: (496, 329)
2026-03-20 20:16:07,499 [INFO] Sending: 496:329

2026-03-20 20:16:07,568 [INFO] Coords: (481, 358)
2026-03-20 20:16:07,571 [INFO] Sending: 481:358

2026-03-20 20:16:07,628 [INFO] Coords: (472, 391)
2026-03-20 20:16:07,633 [INFO] Sending: 472:391

2026-03-20 20:16:07,696 [INFO] Coords: (470, 416)
2026-03-20 20:16:07,765 [INFO] Coords: (475, 428)
2026-03-20 20:16:07,766 [INFO] Sending: 475:428

2026-03-20 20:16:07,835 [INFO] Coords: (507, 442)
2026-03-20 20:16:07,838 [INFO] Sending: 507:442

2026-03-20 20:16:07,898 [INFO] Coords: (568, 462)
2026-03-20 20:16:07,900 [INFO] Sending: 568:462

2026-03-20 20:16:07,960 [INFO] Coords: (678, 485)
2026-03-20 20:16:07,962 [INFO] Sending: 678:485

2026-03-20 20:16:08,045 [INFO] Coords: (782, 502)
2026-03-20 20:16:08,049 [INFO] Sending: 782:502

2026-03-20 20:16:08,101 [INFO] Coords: (845, 505)
2026-03-20 20:16:08,101 [INFO] Sending: 845:505

2026-03-20 20:16:08,161 [INFO] Coords: (924, 510)
2026-03-20 20:16:08,163 [INFO] Sending: 924:510

2026-03-20 20:16:08,230 [INFO] Coords: (1027, 507)
2026-03-20 20:16:08,234 [INFO] Sending: 1027:507

2026-03-20 20:16:08,302 [INFO] Coords: (1101, 490)
2026-03-20 20:16:08,306 [INFO] Sending: 1101:490

2026-03-20 20:16:08,362 [INFO] Coords: (1131, 472)
2026-03-20 20:16:08,364 [INFO] Sending: 1131:472

2026-03-20 20:16:08,430 [INFO] Coords: (1162, 455)
2026-03-20 20:16:08,431 [INFO] Sending: 1162:455

2026-03-20 20:16:08,497 [INFO] Coords: (1201, 432)
2026-03-20 20:16:08,502 [INFO] Sending: 1201:432

2026-03-20 20:16:08,561 [INFO] Coords: (1244, 410)
2026-03-20 20:16:08,564 [INFO] Sending: 1244:410

2026-03-20 20:16:08,632 [INFO] Coords: (1287, 388)
2026-03-20 20:16:08,636 [INFO] Sending: 1287:388

2026-03-20 20:16:08,699 [INFO] Coords: (1319, 369)
2026-03-20 20:16:08,704 [INFO] Sending: 1319:369

2026-03-20 20:16:08,761 [INFO] Coords: (1327, 358)
2026-03-20 20:16:08,831 [INFO] Coords: (1328, 355)
2026-03-20 20:16:08,897 [INFO] Coords: (1356, 359)
2026-03-20 20:16:08,899 [INFO] Sending: 1356:359

2026-03-20 20:16:08,965 [INFO] Coords: (1381, 371)
2026-03-20 20:16:09,033 [INFO] Coords: (1375, 388)
2026-03-20 20:16:09,033 [INFO] Sending: 1375:388

2026-03-20 20:16:09,097 [INFO] Coords: (1381, 401)
2026-03-20 20:16:09,167 [INFO] Coords: (1396, 413)
2026-03-20 20:16:09,171 [INFO] Sending: 1396:413

2026-03-20 20:16:09,233 [INFO] Coords: (1386, 429)
2026-03-20 20:16:09,303 [INFO] Coords: (1369, 443)
2026-03-20 20:16:09,304 [INFO] Sending: 1369:443

2026-03-20 20:16:09,366 [INFO] Coords: (1357, 455)
2026-03-20 20:16:09,435 [INFO] Coords: (1332, 462)
2026-03-20 20:16:09,436 [INFO] Sending: 1332:462

2026-03-20 20:16:09,507 [INFO] Coords: (1295, 467)
2026-03-20 20:16:09,510 [INFO] Sending: 1295:467

2026-03-20 20:16:09,582 [INFO] Coords: (1257, 472)
2026-03-20 20:16:09,583 [INFO] Sending: 1257:472

2026-03-20 20:16:09,652 [INFO] Coords: (1221, 474)
2026-03-20 20:16:09,654 [INFO] Sending: 1221:474

2026-03-20 20:16:09,723 [INFO] Coords: (1177, 472)
2026-03-20 20:16:09,727 [INFO] Sending: 1177:472

2026-03-20 20:16:09,794 [INFO] Coords: (1120, 467)
2026-03-20 20:16:09,799 [INFO] Sending: 1120:467

2026-03-20 20:16:09,867 [INFO] Coords: (1069, 463)
2026-03-20 20:16:09,871 [INFO] Sending: 1069:463

2026-03-20 20:16:09,940 [INFO] Coords: (1015, 459)
2026-03-20 20:16:09,943 [INFO] Sending: 1015:459

2026-03-20 20:16:10,012 [INFO] Coords: (956, 456)
2026-03-20 20:16:10,015 [INFO] Sending: 956:456

2026-03-20 20:16:10,083 [INFO] Coords: (912, 459)
2026-03-20 20:16:10,087 [INFO] Sending: 912:459

2026-03-20 20:16:10,153 [INFO] Coords: (888, 468)
2026-03-20 20:16:10,222 [INFO] Coords: (877, 477)
2026-03-20 20:16:10,226 [INFO] Sending: 877:477

2026-03-20 20:16:10,291 [INFO] Coords: (858, 485)
2026-03-20 20:16:10,360 [INFO] Coords: (842, 493)
2026-03-20 20:16:10,365 [INFO] Sending: 842:493

2026-03-20 20:16:10,429 [INFO] Coords: (845, 505)
2026-03-20 20:16:10,498 [INFO] Coords: (847, 517)
2026-03-20 20:16:10,568 [INFO] Coords: (843, 524)
2026-03-20 20:16:10,570 [INFO] Sending: 843:524

2026-03-20 20:16:10,636 [INFO] Coords: (837, 527)
2026-03-20 20:16:10,764 [INFO] Coords: (836, 526)
2026-03-20 20:16:10,772 [INFO] FPS average: 12.7
2026-03-20 20:16:10,774 [INFO] SerialWriter stopped
2026-03-20 20:16:10,780 [INFO] Завершено.
