2026-03-20 19:50:10,469 [INFO] Setted width: True, height: True
2026-03-20 19:50:10,470 [INFO] Current resolution 1920.0x1080.0
2026-03-20 19:50:12,512 [INFO] SerialWriter Loop started
2026-03-20 19:50:17,595 [INFO] Classes changed: ['бутылка', 'телефон', 'наушники', 'карандаш'] in time 4.6106932163238525
2026-03-20 19:50:24,189 [INFO] Запись начата. Нажмите 'с' для остановки.
2026-03-20 19:50:24,189 [INFO] Запись активирована.
2026-03-20 19:50:25,870 [INFO] Запись остановлена.
2026-03-20 19:50:26,238 [INFO] Speech recognition time: 0.3672168254852295
2026-03-20 19:50:26,238 [INFO] Команда: PLACE — 'чёрные очки'
2026-03-20 19:50:29,910 [INFO] Classes changed: ['чёрные очки'] in time 3.1912243366241455
2026-03-20 19:50:39,608 [INFO] Coords: (1034, 584)
2026-03-20 19:50:39,611 [INFO] Sending: 1034:584

2026-03-20 19:50:39,664 [INFO] Coords: (1028, 584)
2026-03-20 19:50:40,530 [INFO] Coords: (1001, 557)
2026-03-20 19:50:40,535 [INFO] Sending: 1001:557

2026-03-20 19:50:40,613 [INFO] Coords: (988, 544)
2026-03-20 19:50:40,671 [INFO] Coords: (981, 539)
2026-03-20 19:50:40,728 [INFO] Coords: (976, 536)
2026-03-20 19:50:40,730 [INFO] Sending: 976:536

2026-03-20 19:50:40,796 [INFO] Coords: (973, 535)
2026-03-20 19:50:40,861 [INFO] Coords: (971, 534)
2026-03-20 19:50:40,930 [INFO] Coords: (962, 527)
2026-03-20 19:50:40,996 [INFO] Coords: (954, 520)
2026-03-20 19:50:41,060 [INFO] Coords: (956, 524)
2026-03-20 19:50:41,130 [INFO] Coords: (958, 526)
2026-03-20 19:50:45,816 [INFO] Coords: (973, 558)
2026-03-20 19:50:45,882 [INFO] Coords: (986, 588)
2026-03-20 19:50:45,883 [INFO] Sending: 986:588

2026-03-20 19:50:45,949 [INFO] Coords: (997, 617)
2026-03-20 19:50:45,950 [INFO] Sending: 997:617

2026-03-20 19:50:46,018 [INFO] Coords: (1006, 644)
2026-03-20 19:50:46,086 [INFO] Coords: (1013, 670)
2026-03-20 19:50:46,088 [INFO] Sending: 1013:670

2026-03-20 19:50:46,153 [INFO] Coords: (1013, 698)
2026-03-20 19:50:46,349 [INFO] Coords: (1005, 723)
2026-03-20 19:50:46,349 [INFO] Sending: 1005:723

2026-03-20 19:50:46,445 [INFO] Coords: (996, 747)
2026-03-20 19:50:46,586 [INFO] Coords: (971, 728)
2026-03-20 19:50:46,588 [INFO] Sending: 971:728

2026-03-20 19:50:46,643 [INFO] Coords: (949, 711)
2026-03-20 19:50:46,780 [INFO] Coords: (928, 680)
2026-03-20 19:50:46,782 [INFO] Sending: 928:680

2026-03-20 19:50:46,837 [INFO] Coords: (907, 650)
2026-03-20 19:50:46,838 [INFO] Sending: 907:650

2026-03-20 19:50:46,908 [INFO] Coords: (889, 622)
2026-03-20 19:50:46,910 [INFO] Sending: 889:622

2026-03-20 19:50:46,977 [INFO] Coords: (876, 591)
2026-03-20 19:50:46,982 [INFO] Sending: 876:591

2026-03-20 19:50:47,044 [INFO] Coords: (872, 563)
2026-03-20 19:50:47,108 [INFO] Coords: (868, 536)
2026-03-20 19:50:47,110 [INFO] Sending: 868:536

2026-03-20 19:50:47,177 [INFO] Coords: (866, 521)
2026-03-20 19:50:47,244 [INFO] Coords: (863, 504)
2026-03-20 19:50:47,248 [INFO] Sending: 863:504

2026-03-20 19:50:47,308 [INFO] Coords: (860, 501)
2026-03-20 19:50:47,376 [INFO] Coords: (859, 498)
2026-03-20 19:50:47,442 [INFO] Coords: (859, 496)
2026-03-20 19:50:47,512 [INFO] Coords: (859, 495)
2026-03-20 19:50:47,575 [INFO] Coords: (860, 494)
2026-03-20 19:50:47,642 [INFO] Coords: (861, 494)
2026-03-20 19:50:47,711 [INFO] Coords: (861, 493)
2026-03-20 19:50:47,776 [INFO] Coords: (839, 493)
2026-03-20 19:50:47,917 [INFO] Coords: (809, 499)
2026-03-20 19:50:47,919 [INFO] Sending: 809:499

2026-03-20 19:50:47,987 [INFO] Coords: (781, 504)
2026-03-20 19:50:48,062 [INFO] Coords: (768, 509)
2026-03-20 19:50:48,064 [INFO] Sending: 768:509

2026-03-20 19:50:48,133 [INFO] Coords: (755, 511)
2026-03-20 19:50:48,201 [INFO] Coords: (725, 514)
2026-03-20 19:50:48,202 [INFO] Sending: 725:514

2026-03-20 19:50:48,448 [INFO] Coords: (732, 503)
2026-03-20 19:50:48,651 [INFO] Coords: (748, 483)
2026-03-20 19:50:48,653 [INFO] Sending: 748:483

2026-03-20 19:50:48,927 [INFO] Coords: (809, 437)
2026-03-20 19:50:48,928 [INFO] Sending: 809:437

2026-03-20 19:50:48,995 [INFO] Coords: (858, 383)
2026-03-20 19:50:49,000 [INFO] Sending: 858:383

2026-03-20 19:50:49,062 [INFO] Coords: (907, 328)
2026-03-20 19:50:49,067 [INFO] Sending: 907:328

2026-03-20 19:50:49,128 [INFO] Coords: (942, 273)
2026-03-20 19:50:49,129 [INFO] Sending: 942:273

2026-03-20 19:50:49,192 [INFO] Coords: (976, 219)
2026-03-20 19:50:49,196 [INFO] Sending: 976:219

2026-03-20 19:50:49,257 [INFO] Coords: (1025, 164)
2026-03-20 19:50:49,257 [INFO] Sending: 1025:164

2026-03-20 19:50:49,600 [INFO] Coords: (1013, 179)
2026-03-20 19:50:49,666 [INFO] Coords: (1021, 206)
2026-03-20 19:50:49,668 [INFO] Sending: 1021:206

2026-03-20 19:50:49,730 [INFO] Coords: (1007, 263)
2026-03-20 19:50:49,735 [INFO] Sending: 1007:263

2026-03-20 19:50:49,792 [INFO] Coords: (1011, 323)
2026-03-20 19:50:49,797 [INFO] Sending: 1011:323

2026-03-20 19:50:49,926 [INFO] Coords: (1012, 403)
2026-03-20 19:50:49,931 [INFO] Sending: 1012:403

2026-03-20 19:50:50,114 [INFO] Coords: (1011, 494)
2026-03-20 19:50:50,116 [INFO] Sending: 1011:494

2026-03-20 19:50:50,182 [INFO] Coords: (998, 582)
2026-03-20 19:50:50,183 [INFO] Sending: 998:582

2026-03-20 19:50:50,252 [INFO] Coords: (984, 667)
2026-03-20 19:50:50,254 [INFO] Sending: 984:667

2026-03-20 19:50:50,314 [INFO] Coords: (1000, 696)
2026-03-20 19:50:50,316 [INFO] Sending: 1000:696

2026-03-20 19:50:50,384 [INFO] Coords: (988, 722)
2026-03-20 19:50:50,450 [INFO] Coords: (975, 744)
2026-03-20 19:50:50,454 [INFO] Sending: 975:744

2026-03-20 19:50:50,516 [INFO] Coords: (964, 764)
2026-03-20 19:50:50,582 [INFO] Coords: (956, 765)
2026-03-20 19:50:50,654 [INFO] Coords: (947, 748)
2026-03-20 19:50:50,713 [INFO] Coords: (949, 733)
2026-03-20 19:50:50,783 [INFO] Coords: (954, 719)
2026-03-20 19:50:50,787 [INFO] Sending: 954:719

2026-03-20 19:50:50,851 [INFO] Coords: (951, 706)
2026-03-20 19:50:50,922 [INFO] Coords: (950, 690)
2026-03-20 19:50:50,986 [INFO] Coords: (952, 671)
2026-03-20 19:50:50,989 [INFO] Sending: 952:671

2026-03-20 19:50:51,055 [INFO] Coords: (953, 649)
2026-03-20 19:50:51,189 [INFO] Coords: (961, 616)
2026-03-20 19:50:51,194 [INFO] Sending: 961:616

2026-03-20 19:50:51,252 [INFO] Coords: (974, 585)
2026-03-20 19:50:51,256 [INFO] Sending: 974:585

2026-03-20 19:50:51,321 [INFO] Coords: (990, 549)
2026-03-20 19:50:51,323 [INFO] Sending: 990:549

2026-03-20 19:50:51,401 [INFO] Coords: (1012, 507)
2026-03-20 19:50:51,405 [INFO] Sending: 1012:507

2026-03-20 19:50:51,473 [INFO] Coords: (1038, 457)
2026-03-20 19:50:51,477 [INFO] Sending: 1038:457

2026-03-20 19:50:51,545 [INFO] Coords: (1066, 399)
2026-03-20 19:50:51,549 [INFO] Sending: 1066:399

2026-03-20 19:50:51,608 [INFO] Coords: (1093, 336)
2026-03-20 19:50:51,611 [INFO] Sending: 1093:336

2026-03-20 19:50:53,032 [INFO] Coords: (1092, 312)
2026-03-20 19:50:53,133 [INFO] Coords: (1079, 312)
2026-03-20 19:50:53,221 [INFO] Coords: (1060, 319)
2026-03-20 19:50:53,223 [INFO] Sending: 1060:319

2026-03-20 19:50:53,320 [INFO] Coords: (1035, 334)
2026-03-20 19:50:53,426 [INFO] Coords: (1005, 362)
2026-03-20 19:50:53,429 [INFO] Sending: 1005:362

2026-03-20 19:50:53,510 [INFO] Coords: (972, 405)
2026-03-20 19:50:53,511 [INFO] Sending: 972:405

2026-03-20 19:50:53,628 [INFO] Coords: (939, 459)
2026-03-20 19:50:53,629 [INFO] Sending: 939:459

2026-03-20 19:50:53,714 [INFO] Coords: (909, 528)
2026-03-20 19:50:53,716 [INFO] Sending: 909:528

2026-03-20 19:50:53,828 [INFO] Coords: (911, 564)
2026-03-20 19:50:53,829 [INFO] Sending: 911:564

2026-03-20 19:50:53,908 [INFO] Coords: (921, 590)
2026-03-20 19:50:53,978 [INFO] Coords: (938, 615)
2026-03-20 19:50:53,982 [INFO] Sending: 938:615

2026-03-20 19:50:54,054 [INFO] Coords: (962, 637)
2026-03-20 19:50:54,059 [INFO] Sending: 962:637

2026-03-20 19:50:54,123 [INFO] Coords: (990, 648)
2026-03-20 19:50:54,126 [INFO] Sending: 990:648

2026-03-20 19:50:54,185 [INFO] Coords: (1018, 647)
2026-03-20 19:50:54,244 [INFO] Coords: (1046, 638)
2026-03-20 19:50:54,248 [INFO] Sending: 1046:638

2026-03-20 19:50:54,308 [INFO] Coords: (1070, 614)
2026-03-20 19:50:54,310 [INFO] Sending: 1070:614

2026-03-20 19:50:54,367 [INFO] Coords: (1088, 579)
2026-03-20 19:50:54,372 [INFO] Sending: 1088:579

2026-03-20 19:50:54,434 [INFO] Coords: (1099, 538)
2026-03-20 19:50:54,439 [INFO] Sending: 1099:538

2026-03-20 19:50:54,504 [INFO] Coords: (1103, 490)
2026-03-20 19:50:54,505 [INFO] Sending: 1103:490

2026-03-20 19:50:54,577 [INFO] Coords: (1101, 440)
2026-03-20 19:50:54,578 [INFO] Sending: 1101:440

2026-03-20 19:50:54,644 [INFO] Coords: (1092, 390)
2026-03-20 19:50:54,645 [INFO] Sending: 1092:390

2026-03-20 19:50:54,713 [INFO] Coords: (1075, 345)
2026-03-20 19:50:54,717 [INFO] Sending: 1075:345

2026-03-20 19:50:54,785 [INFO] Coords: (1053, 308)
2026-03-20 19:50:54,789 [INFO] Sending: 1053:308

2026-03-20 19:50:54,851 [INFO] Coords: (1029, 279)
2026-03-20 19:50:54,855 [INFO] Sending: 1029:279

2026-03-20 19:50:54,921 [INFO] Coords: (1005, 260)
2026-03-20 19:50:54,922 [INFO] Sending: 1005:260

2026-03-20 19:50:55,122 [INFO] Coords: (979, 285)
2026-03-20 19:50:55,127 [INFO] Sending: 979:285

2026-03-20 19:50:55,185 [INFO] Coords: (955, 325)
2026-03-20 19:50:55,189 [INFO] Sending: 955:325

2026-03-20 19:50:55,247 [INFO] Coords: (935, 374)
2026-03-20 19:50:55,251 [INFO] Sending: 935:374

2026-03-20 19:50:55,314 [INFO] Coords: (919, 431)
2026-03-20 19:50:55,317 [INFO] Sending: 919:431

2026-03-20 19:50:55,375 [INFO] Coords: (911, 494)
2026-03-20 19:50:55,379 [INFO] Sending: 911:494

2026-03-20 19:50:55,436 [INFO] Coords: (908, 561)
2026-03-20 19:50:55,441 [INFO] Sending: 908:561

2026-03-20 19:50:55,497 [INFO] Coords: (909, 629)
2026-03-20 19:50:55,497 [INFO] Sending: 909:629

2026-03-20 19:50:55,567 [INFO] Coords: (914, 692)
2026-03-20 19:50:55,569 [INFO] Sending: 914:692

2026-03-20 19:50:55,634 [INFO] Coords: (924, 719)
2026-03-20 19:50:55,698 [INFO] Coords: (937, 737)
2026-03-20 19:50:55,702 [INFO] Sending: 937:737

2026-03-20 19:50:55,764 [INFO] Coords: (953, 751)
2026-03-20 19:50:55,831 [INFO] Coords: (970, 759)
2026-03-20 19:50:55,835 [INFO] Sending: 970:759

2026-03-20 19:50:55,910 [INFO] Coords: (988, 762)
2026-03-20 19:50:55,976 [INFO] Coords: (1006, 760)
2026-03-20 19:50:55,978 [INFO] Sending: 1006:760

2026-03-20 19:50:56,036 [INFO] Coords: (1023, 755)
2026-03-20 19:50:56,099 [INFO] Coords: (1040, 750)
2026-03-20 19:50:56,101 [INFO] Sending: 1040:750

2026-03-20 19:50:56,178 [INFO] Coords: (1056, 740)
2026-03-20 19:50:56,236 [INFO] Coords: (1070, 721)
2026-03-20 19:50:56,240 [INFO] Sending: 1070:721

2026-03-20 19:50:56,297 [INFO] Coords: (1081, 685)
2026-03-20 19:50:56,301 [INFO] Sending: 1081:685

2026-03-20 19:50:56,366 [INFO] Coords: (1089, 645)
2026-03-20 19:50:56,368 [INFO] Sending: 1089:645

2026-03-20 19:50:56,428 [INFO] Coords: (1094, 598)
2026-03-20 19:50:56,429 [INFO] Sending: 1094:598

2026-03-20 19:50:56,496 [INFO] Coords: (1097, 551)
2026-03-20 19:50:56,496 [INFO] Sending: 1097:551

2026-03-20 19:50:56,566 [INFO] Coords: (1094, 503)
2026-03-20 19:50:56,568 [INFO] Sending: 1094:503

2026-03-20 19:50:56,631 [INFO] Coords: (1088, 454)
2026-03-20 19:50:56,634 [INFO] Sending: 1088:454

2026-03-20 19:50:56,697 [INFO] Coords: (1076, 407)
2026-03-20 19:50:56,701 [INFO] Sending: 1076:407

2026-03-20 19:50:56,769 [INFO] Coords: (1061, 367)
2026-03-20 19:50:56,774 [INFO] Sending: 1061:367

2026-03-20 19:50:56,837 [INFO] Coords: (1043, 343)
2026-03-20 19:50:56,905 [INFO] Coords: (1024, 322)
2026-03-20 19:50:56,906 [INFO] Sending: 1024:322

2026-03-20 19:50:56,975 [INFO] Coords: (1007, 309)
2026-03-20 19:50:57,037 [INFO] Coords: (991, 301)
2026-03-20 19:50:57,039 [INFO] Sending: 991:301

2026-03-20 19:50:57,104 [INFO] Coords: (980, 298)
2026-03-20 19:50:57,168 [INFO] Coords: (973, 301)
2026-03-20 19:50:57,233 [INFO] Coords: (976, 319)
2026-03-20 19:50:57,301 [INFO] Coords: (986, 346)
2026-03-20 19:50:57,305 [INFO] Sending: 986:346

2026-03-20 19:50:57,366 [INFO] Coords: (1005, 381)
2026-03-20 19:50:57,367 [INFO] Sending: 1005:381

2026-03-20 19:50:57,441 [INFO] Coords: (1028, 422)
2026-03-20 19:50:57,444 [INFO] Sending: 1028:422

2026-03-20 19:50:57,503 [INFO] Coords: (1060, 473)
2026-03-20 19:50:57,506 [INFO] Sending: 1060:473

2026-03-20 19:50:57,567 [INFO] Coords: (1098, 529)
2026-03-20 19:50:57,568 [INFO] Sending: 1098:529

2026-03-20 19:50:57,651 [INFO] Coords: (1140, 587)
2026-03-20 19:50:57,655 [INFO] Sending: 1140:587

2026-03-20 19:50:57,731 [INFO] Coords: (1186, 643)
2026-03-20 19:50:57,732 [INFO] Sending: 1186:643

2026-03-20 19:50:57,791 [INFO] Coords: (1229, 691)
2026-03-20 19:50:57,794 [INFO] Sending: 1229:691

2026-03-20 19:50:58,230 [INFO] Coords: (1229, 756)
2026-03-20 19:50:58,232 [INFO] Sending: 1229:756

2026-03-20 19:50:59,635 [INFO] Coords: (1223, 817)
2026-03-20 19:50:59,636 [INFO] Sending: 1223:817

2026-03-20 19:50:59,703 [INFO] Coords: (1214, 871)
2026-03-20 19:50:59,708 [INFO] Sending: 1214:871

2026-03-20 19:50:59,771 [INFO] Coords: (1196, 914)
2026-03-20 19:50:59,775 [INFO] Sending: 1196:914

2026-03-20 19:51:00,054 [INFO] Coords: (1158, 898)
2026-03-20 19:51:00,055 [INFO] Sending: 1158:898

2026-03-20 19:51:00,189 [INFO] Coords: (1101, 851)
2026-03-20 19:51:00,193 [INFO] Sending: 1101:851

2026-03-20 19:51:00,918 [INFO] Coords: (1025, 756)
2026-03-20 19:51:00,922 [INFO] Sending: 1025:756

2026-03-20 19:51:00,982 [INFO] Coords: (948, 657)
2026-03-20 19:51:00,984 [INFO] Sending: 948:657

2026-03-20 19:51:01,058 [INFO] Coords: (910, 535)
2026-03-20 19:51:01,060 [INFO] Sending: 910:535

2026-03-20 19:51:01,586 [INFO] Coords: (885, 411)
2026-03-20 19:51:01,591 [INFO] Sending: 885:411

2026-03-20 19:51:01,650 [INFO] Coords: (861, 289)
2026-03-20 19:51:01,652 [INFO] Sending: 861:289

2026-03-20 19:51:01,718 [INFO] Coords: (838, 171)
2026-03-20 19:51:01,719 [INFO] Sending: 838:171

2026-03-20 19:51:01,787 [INFO] Coords: (830, 107)
2026-03-20 19:51:01,791 [INFO] Sending: 830:107

2026-03-20 19:51:02,989 [INFO] Coords: (809, 165)
2026-03-20 19:51:02,993 [INFO] Sending: 809:165

2026-03-20 19:51:05,318 [INFO] Coords: (836, 289)
2026-03-20 19:51:05,322 [INFO] Sending: 836:289

2026-03-20 19:51:05,387 [INFO] Coords: (866, 411)
2026-03-20 19:51:05,389 [INFO] Sending: 866:411

2026-03-20 19:51:05,456 [INFO] Coords: (897, 533)
2026-03-20 19:51:05,461 [INFO] Sending: 897:533

2026-03-20 19:51:05,529 [INFO] Coords: (916, 655)
2026-03-20 19:51:05,533 [INFO] Sending: 916:655

2026-03-20 19:51:05,588 [INFO] Coords: (935, 777)
2026-03-20 19:51:05,590 [INFO] Sending: 935:777

2026-03-20 19:51:05,655 [INFO] Coords: (953, 896)
2026-03-20 19:51:05,657 [INFO] Sending: 953:896

2026-03-20 19:51:05,722 [INFO] Coords: (971, 1014)
2026-03-20 19:51:05,723 [INFO] Sending: 971:1014

2026-03-20 19:51:06,231 [INFO] Coords: (1002, 971)
2026-03-20 19:51:06,235 [INFO] Sending: 1002:971

2026-03-20 19:51:06,298 [INFO] Coords: (996, 906)
2026-03-20 19:51:06,302 [INFO] Sending: 996:906

2026-03-20 19:51:06,999 [INFO] Coords: (979, 784)
2026-03-20 19:51:07,001 [INFO] Sending: 979:784

2026-03-20 19:51:07,068 [INFO] Coords: (958, 661)
2026-03-20 19:51:07,072 [INFO] Sending: 958:661

2026-03-20 19:51:07,141 [INFO] Coords: (937, 538)
2026-03-20 19:51:07,144 [INFO] Sending: 937:538

2026-03-20 19:51:08,204 [INFO] Coords: (902, 413)
2026-03-20 19:51:08,207 [INFO] Sending: 902:413

2026-03-20 19:51:08,335 [INFO] Coords: (867, 292)
2026-03-20 19:51:08,339 [INFO] Sending: 867:292

2026-03-20 19:51:08,402 [INFO] Coords: (832, 173)
2026-03-20 19:51:08,407 [INFO] Sending: 832:173

2026-03-20 19:51:09,139 [INFO] Coords: (828, 181)
2026-03-20 19:51:11,004 [INFO] Coords: (758, 193)
2026-03-20 19:51:11,007 [INFO] Sending: 758:193

2026-03-20 19:51:11,676 [INFO] Coords: (701, 291)
2026-03-20 19:51:11,679 [INFO] Sending: 701:291

2026-03-20 19:51:11,738 [INFO] Coords: (646, 389)
2026-03-20 19:51:11,740 [INFO] Sending: 646:389

2026-03-20 19:51:12,279 [INFO] Coords: (621, 511)
2026-03-20 19:51:12,283 [INFO] Sending: 621:511

2026-03-20 19:51:12,344 [INFO] Coords: (609, 633)
2026-03-20 19:51:12,345 [INFO] Sending: 609:633

2026-03-20 19:51:12,408 [INFO] Coords: (598, 752)
2026-03-20 19:51:12,411 [INFO] Sending: 598:752

2026-03-20 19:51:12,486 [INFO] Coords: (594, 869)
2026-03-20 19:51:12,488 [INFO] Sending: 594:869

2026-03-20 19:51:12,550 [INFO] Coords: (576, 924)
2026-03-20 19:51:12,550 [INFO] Sending: 576:924

2026-03-20 19:51:12,678 [INFO] Coords: (629, 958)
2026-03-20 19:51:12,678 [INFO] Sending: 629:958

2026-03-20 19:51:12,840 [INFO] Coords: (678, 942)
2026-03-20 19:51:12,842 [INFO] Sending: 678:942

2026-03-20 19:51:13,259 [INFO] Coords: (729, 858)
2026-03-20 19:51:13,264 [INFO] Sending: 729:858

2026-03-20 19:51:16,938 [INFO] FPS average: 12.4
2026-03-20 19:51:16,939 [INFO] SerialWriter stopped
2026-03-20 19:51:16,962 [INFO] Завершено.
