2026-03-20 20:04:26,810 [INFO] Setted width: True, height: True
2026-03-20 20:04:26,810 [INFO] Current resolution 1920.0x1080.0
2026-03-20 20:04:28,854 [INFO] SerialWriter Loop started
2026-03-20 20:04:34,080 [INFO] Classes changed: ['бутылка', 'телефон', 'наушники', 'карандаш'] in time 4.585195541381836
2026-03-20 20:04:37,411 [INFO] Coords: (32, 915)
2026-03-20 20:04:37,415 [INFO] Sending: 32:915

2026-03-20 20:04:42,684 [INFO] Coords: (502, 662)
2026-03-20 20:04:42,684 [INFO] Sending: 502:662

2026-03-20 20:04:42,748 [INFO] Coords: (971, 411)
2026-03-20 20:04:42,750 [INFO] Sending: 971:411

2026-03-20 20:04:42,813 [INFO] Coords: (969, 416)
2026-03-20 20:04:42,878 [INFO] Coords: (979, 423)
2026-03-20 20:04:43,006 [INFO] Coords: (1012, 436)
2026-03-20 20:04:43,007 [INFO] Sending: 1012:436

2026-03-20 20:04:43,069 [INFO] Coords: (1042, 383)
2026-03-20 20:04:43,073 [INFO] Sending: 1042:383

2026-03-20 20:04:43,139 [INFO] Coords: (1063, 373)
2026-03-20 20:04:43,204 [INFO] Coords: (1087, 438)
2026-03-20 20:04:43,206 [INFO] Sending: 1087:438

2026-03-20 20:04:43,269 [INFO] Coords: (1097, 455)
2026-03-20 20:04:43,336 [INFO] Coords: (1098, 460)
2026-03-20 20:04:43,403 [INFO] Coords: (1095, 465)
2026-03-20 20:04:43,467 [INFO] Coords: (1110, 470)
2026-03-20 20:04:43,469 [INFO] Sending: 1110:470

2026-03-20 20:04:43,538 [INFO] Coords: (1124, 427)
2026-03-20 20:04:43,542 [INFO] Sending: 1124:427

2026-03-20 20:04:43,607 [INFO] Coords: (1130, 337)
2026-03-20 20:04:43,608 [INFO] Sending: 1130:337

2026-03-20 20:04:43,677 [INFO] Coords: (1160, 321)
2026-03-20 20:04:43,680 [INFO] Sending: 1160:321

2026-03-20 20:04:43,742 [INFO] Coords: (1204, 325)
2026-03-20 20:04:43,746 [INFO] Sending: 1204:325

2026-03-20 20:04:43,826 [INFO] Coords: (1255, 382)
2026-03-20 20:04:43,828 [INFO] Sending: 1255:382

2026-03-20 20:04:43,896 [INFO] Coords: (1303, 501)
2026-03-20 20:04:43,900 [INFO] Sending: 1303:501

2026-03-20 20:04:43,967 [INFO] Coords: (1346, 570)
2026-03-20 20:04:43,967 [INFO] Sending: 1346:570

2026-03-20 20:04:44,036 [INFO] Coords: (1379, 607)
2026-03-20 20:04:44,040 [INFO] Sending: 1379:607

2026-03-20 20:04:44,112 [INFO] Coords: (1351, 601)
2026-03-20 20:04:44,183 [INFO] Coords: (1267, 595)
2026-03-20 20:04:44,183 [INFO] Sending: 1267:595

2026-03-20 20:04:44,253 [INFO] Coords: (1140, 603)
2026-03-20 20:04:44,255 [INFO] Sending: 1140:603

2026-03-20 20:04:44,323 [INFO] Coords: (1009, 610)
2026-03-20 20:04:44,327 [INFO] Sending: 1009:610

2026-03-20 20:04:44,390 [INFO] Coords: (895, 612)
2026-03-20 20:04:44,394 [INFO] Sending: 895:612

2026-03-20 20:04:44,454 [INFO] Coords: (772, 609)
2026-03-20 20:04:44,456 [INFO] Sending: 772:609

2026-03-20 20:04:44,527 [INFO] Coords: (693, 606)
2026-03-20 20:04:44,527 [INFO] Sending: 693:606

2026-03-20 20:04:44,585 [INFO] Coords: (671, 605)
2026-03-20 20:04:44,648 [INFO] Coords: (670, 602)
2026-03-20 20:04:44,717 [INFO] Coords: (680, 601)
2026-03-20 20:04:44,793 [INFO] Coords: (728, 601)
2026-03-20 20:04:44,793 [INFO] Sending: 728:601

2026-03-20 20:04:44,859 [INFO] Coords: (782, 603)
2026-03-20 20:04:44,859 [INFO] Sending: 782:603

2026-03-20 20:04:44,924 [INFO] Coords: (813, 605)
2026-03-20 20:04:44,926 [INFO] Sending: 813:605

2026-03-20 20:04:44,991 [INFO] Coords: (850, 605)
2026-03-20 20:04:44,993 [INFO] Sending: 850:605

2026-03-20 20:04:45,053 [INFO] Coords: (924, 605)
2026-03-20 20:04:45,054 [INFO] Sending: 924:605

2026-03-20 20:04:45,123 [INFO] Coords: (1013, 605)
2026-03-20 20:04:45,126 [INFO] Sending: 1013:605

2026-03-20 20:04:45,188 [INFO] Coords: (1064, 605)
2026-03-20 20:04:45,193 [INFO] Sending: 1064:605

2026-03-20 20:04:45,252 [INFO] Coords: (1097, 604)
2026-03-20 20:04:45,254 [INFO] Sending: 1097:604

2026-03-20 20:04:45,317 [INFO] Coords: (1129, 603)
2026-03-20 20:04:45,322 [INFO] Sending: 1129:603

2026-03-20 20:04:45,388 [INFO] Coords: (1151, 624)
2026-03-20 20:04:45,389 [INFO] Sending: 1151:624

2026-03-20 20:04:45,459 [INFO] Coords: (1154, 631)
2026-03-20 20:04:45,525 [INFO] Coords: (1143, 610)
2026-03-20 20:04:45,587 [INFO] Coords: (1087, 599)
2026-03-20 20:04:45,588 [INFO] Sending: 1087:599

2026-03-20 20:04:45,656 [INFO] Coords: (1034, 596)
2026-03-20 20:04:45,660 [INFO] Sending: 1034:596

2026-03-20 20:04:45,716 [INFO] Coords: (1027, 597)
2026-03-20 20:04:45,776 [INFO] Coords: (1025, 595)
2026-03-20 20:04:45,839 [INFO] Coords: (1025, 593)
2026-03-20 20:04:45,906 [INFO] Coords: (1026, 598)
2026-03-20 20:04:45,973 [INFO] Coords: (1026, 599)
2026-03-20 20:04:46,037 [INFO] Coords: (1026, 597)
2026-03-20 20:04:46,104 [INFO] Coords: (1026, 598)
2026-03-20 20:04:46,173 [INFO] Coords: (1027, 596)
2026-03-20 20:04:46,242 [INFO] Coords: (1028, 596)
2026-03-20 20:04:46,304 [INFO] Coords: (1030, 593)
2026-03-20 20:04:46,373 [INFO] Coords: (1031, 589)
2026-03-20 20:04:46,441 [INFO] Coords: (1032, 590)
2026-03-20 20:04:46,505 [INFO] Coords: (1033, 590)
2026-03-20 20:04:46,572 [INFO] Coords: (1034, 591)
2026-03-20 20:04:46,642 [INFO] Coords: (1034, 593)
2026-03-20 20:04:46,709 [INFO] Coords: (1035, 594)
2026-03-20 20:04:46,773 [INFO] Coords: (1035, 595)
2026-03-20 20:04:46,841 [INFO] Coords: (1034, 596)
2026-03-20 20:04:46,908 [INFO] Coords: (1033, 595)
2026-03-20 20:04:46,973 [INFO] Coords: (1034, 589)
2026-03-20 20:04:47,039 [INFO] Coords: (1037, 600)
2026-03-20 20:04:47,109 [INFO] Coords: (1045, 621)
2026-03-20 20:04:47,175 [INFO] Coords: (1055, 622)
2026-03-20 20:04:47,177 [INFO] Sending: 1055:622

2026-03-20 20:04:47,241 [INFO] Coords: (1069, 612)
2026-03-20 20:04:47,308 [INFO] Coords: (1086, 597)
2026-03-20 20:04:47,311 [INFO] Sending: 1086:597

2026-03-20 20:04:47,376 [INFO] Coords: (1106, 581)
2026-03-20 20:04:47,442 [INFO] Coords: (1125, 563)
2026-03-20 20:04:47,444 [INFO] Sending: 1125:563

2026-03-20 20:04:47,510 [INFO] Coords: (1143, 547)
2026-03-20 20:04:47,579 [INFO] Coords: (1160, 541)
2026-03-20 20:04:47,582 [INFO] Sending: 1160:541

2026-03-20 20:04:47,648 [INFO] Coords: (1162, 540)
2026-03-20 20:04:47,723 [INFO] Coords: (1154, 531)
2026-03-20 20:04:47,796 [INFO] Coords: (1110, 528)
2026-03-20 20:04:47,796 [INFO] Sending: 1110:528

2026-03-20 20:04:47,863 [INFO] Coords: (1061, 536)
2026-03-20 20:04:47,868 [INFO] Sending: 1061:536

2026-03-20 20:04:47,931 [INFO] Coords: (1048, 539)
2026-03-20 20:04:47,999 [INFO] Coords: (1032, 540)
2026-03-20 20:04:48,067 [INFO] Coords: (1016, 540)
2026-03-20 20:04:48,072 [INFO] Sending: 1016:540

2026-03-20 20:04:48,133 [INFO] Coords: (1021, 537)
2026-03-20 20:04:48,196 [INFO] Coords: (1045, 524)
2026-03-20 20:04:48,200 [INFO] Sending: 1045:524

2026-03-20 20:04:48,260 [INFO] Coords: (1078, 504)
2026-03-20 20:04:48,262 [INFO] Sending: 1078:504

2026-03-20 20:04:48,327 [INFO] Coords: (1103, 488)
2026-03-20 20:04:48,393 [INFO] Coords: (1121, 473)
2026-03-20 20:04:48,396 [INFO] Sending: 1121:473

2026-03-20 20:04:48,459 [INFO] Coords: (1138, 459)
2026-03-20 20:04:48,530 [INFO] Coords: (1150, 448)
2026-03-20 20:04:48,530 [INFO] Sending: 1150:448

2026-03-20 20:04:48,598 [INFO] Coords: (1143, 440)
2026-03-20 20:04:48,665 [INFO] Coords: (1132, 434)
2026-03-20 20:04:48,735 [INFO] Coords: (1104, 431)
2026-03-20 20:04:48,740 [INFO] Sending: 1104:431

2026-03-20 20:04:48,802 [INFO] Coords: (1077, 430)
2026-03-20 20:04:48,870 [INFO] Coords: (1075, 430)
2026-03-20 20:04:48,937 [INFO] Coords: (1062, 430)
2026-03-20 20:04:48,941 [INFO] Sending: 1062:430

2026-03-20 20:04:49,000 [INFO] Coords: (1053, 430)
2026-03-20 20:04:49,064 [INFO] Coords: (1056, 431)
2026-03-20 20:04:49,129 [INFO] Coords: (1056, 434)
2026-03-20 20:04:49,194 [INFO] Coords: (1059, 442)
2026-03-20 20:04:49,261 [INFO] Coords: (1069, 459)
2026-03-20 20:04:49,327 [INFO] Coords: (1083, 490)
2026-03-20 20:04:49,329 [INFO] Sending: 1083:490

2026-03-20 20:04:49,392 [INFO] Coords: (1100, 520)
2026-03-20 20:04:49,396 [INFO] Sending: 1100:520

2026-03-20 20:04:49,458 [INFO] Coords: (1099, 535)
2026-03-20 20:04:49,528 [INFO] Coords: (1082, 539)
2026-03-20 20:04:49,597 [INFO] Coords: (1039, 540)
2026-03-20 20:04:49,600 [INFO] Sending: 1039:540

2026-03-20 20:04:49,663 [INFO] Coords: (987, 540)
2026-03-20 20:04:49,667 [INFO] Sending: 987:540

2026-03-20 20:04:49,730 [INFO] Coords: (953, 540)
2026-03-20 20:04:49,734 [INFO] Sending: 953:540

2026-03-20 20:04:49,798 [INFO] Coords: (926, 540)
2026-03-20 20:04:49,863 [INFO] Coords: (908, 544)
2026-03-20 20:04:49,863 [INFO] Sending: 908:544

2026-03-20 20:04:49,926 [INFO] Coords: (902, 551)
2026-03-20 20:04:49,990 [INFO] Coords: (904, 557)
2026-03-20 20:04:50,053 [INFO] Coords: (909, 561)
2026-03-20 20:04:50,120 [INFO] Coords: (912, 566)
2026-03-20 20:04:50,185 [INFO] Coords: (911, 574)
2026-03-20 20:04:50,185 [INFO] Sending: 911:574

2026-03-20 20:04:50,254 [INFO] Coords: (910, 584)
2026-03-20 20:04:50,321 [INFO] Coords: (908, 597)
2026-03-20 20:04:50,383 [INFO] Coords: (906, 609)
2026-03-20 20:04:50,387 [INFO] Sending: 906:609

2026-03-20 20:04:50,451 [INFO] Coords: (907, 614)
2026-03-20 20:04:50,519 [INFO] Coords: (908, 616)
2026-03-20 20:04:50,587 [INFO] Coords: (908, 617)
2026-03-20 20:04:50,652 [INFO] Coords: (908, 618)
2026-03-20 20:04:50,720 [INFO] Coords: (911, 619)
2026-03-20 20:04:50,788 [INFO] Coords: (914, 619)
2026-03-20 20:04:50,860 [INFO] Coords: (916, 618)
2026-03-20 20:04:50,925 [INFO] Coords: (917, 616)
2026-03-20 20:04:50,987 [INFO] Coords: (917, 616)
2026-03-20 20:04:51,052 [INFO] Coords: (917, 615)
2026-03-20 20:04:51,119 [INFO] Coords: (919, 614)
2026-03-20 20:04:51,188 [INFO] Coords: (922, 613)
2026-03-20 20:04:51,255 [INFO] Coords: (924, 612)
2026-03-20 20:04:51,319 [INFO] Coords: (926, 612)
2026-03-20 20:04:51,388 [INFO] Coords: (930, 612)
2026-03-20 20:04:51,455 [INFO] Coords: (933, 611)
2026-03-20 20:04:51,519 [INFO] Coords: (936, 610)
2026-03-20 20:04:51,520 [INFO] Sending: 936:610

2026-03-20 20:04:51,587 [INFO] Coords: (937, 610)
2026-03-20 20:04:51,657 [INFO] Coords: (940, 609)
2026-03-20 20:04:51,726 [INFO] Coords: (951, 588)
2026-03-20 20:04:53,749 [INFO] FPS average: 10.2
2026-03-20 20:04:53,751 [INFO] SerialWriter stopped
2026-03-20 20:04:53,767 [INFO] Завершено.
